\BOOKMARK [0][-]{section*.1}{\376\377\000D\000e\000c\000l\000a\000r\000a\000t\000i\000o\000n\000\040\000o\000f\000\040\000A\000u\000t\000h\000o\000r\000s\000h\000i\000p}{}% 1
\BOOKMARK [0][-]{section*.2}{\376\377\000A\000b\000s\000t\000r\000a\000c\000t}{}% 2
\BOOKMARK [0][-]{section*.3}{\376\377\000A\000c\000k\000n\000o\000w\000l\000e\000d\000g\000e\000m\000e\000n\000t\000s}{}% 3
\BOOKMARK [0][-]{chapter.8}{\376\377\000I\000n\000t\000r\000o\000d\000u\000c\000t\000i\000o\000n}{}% 4
\BOOKMARK [1][-]{section.9}{\376\377\000M\000o\000t\000i\000v\000a\000t\000i\000o\000n\000\040\000a\000n\000d\000\040\000G\000o\000a\000l\000s}{chapter.8}% 5
\BOOKMARK [1][-]{section.10}{\376\377\000R\000e\000l\000a\000t\000e\000d\000\040\000W\000o\000r\000k}{chapter.8}% 6
\BOOKMARK [0][-]{chapter.13}{\376\377\000F\000i\000g\000u\000r\000e\000\040\000S\000k\000a\000t\000i\000n\000g\000\040\000P\000o\000s\000e\000\040\000D\000e\000t\000e\000c\000t\000i\000o\000n}{}% 7
\BOOKMARK [1][-]{section.14}{\376\377\000C\000o\000m\000p\000l\000e\000x\000i\000t\000y\000\040\000o\000f\000\040\000F\000i\000g\000u\000r\000e\000s}{chapter.13}% 8
\BOOKMARK [1][-]{section.15}{\376\377\000D\000i\000s\000t\000i\000n\000c\000t\000\040\000R\000a\000t\000i\000n\000g\000\040\000S\000y\000s\000t\000e\000m}{chapter.13}% 9
\BOOKMARK [0][-]{chapter.16}{\376\377\000D\000a\000t\000a\000s\000e\000t}{}% 10
\BOOKMARK [1][-]{section.17}{\376\377\000F\000i\000g\000u\000r\000e\000\040\000S\000k\000a\000t\000i\000n\000g\000\040\000D\000a\000t\000a\000s\000e\000t}{chapter.16}% 11
\BOOKMARK [2][-]{subsection.18}{\376\377\000M\000o\000t\000i\000o\000n\000\040\000c\000a\000p\000t\000u\000r\000i\000n\000g\000\040\000t\000e\000c\000h\000n\000i\000q\000u\000e\000s}{section.17}% 12
\BOOKMARK [2][-]{subsection.19}{\376\377\000X\000S\000e\000n\000s\000:\000\040\000I\000n\000e\000r\000t\000i\000a\000l\000\040\000m\000o\000t\000i\000o\000n\000\040\000c\000a\000p\000t\000u\000r\000i\000n\000g\000\040\000r\000e\000c\000o\000r\000d\000i\000n\000g\000s\000\040\000o\000n\000\040\000t\000h\000e\000\040\000i\000c\000e\000\040\000r\000i\000n\000k}{section.17}% 13
\BOOKMARK [1][-]{section.23}{\376\377\000S\000y\000n\000t\000h\000e\000t\000i\000c\000\040\000D\000a\000t\000a\000s\000e\000t\000:\000\040\0003\000D\000P\000e\000o\000p\000l\000e}{chapter.16}% 14
\BOOKMARK [1][-]{section.25}{\376\377\000D\000a\000t\000a\000\040\000P\000r\000o\000c\000e\000s\000s\000i\000n\000g}{chapter.16}% 15
\BOOKMARK [0][-]{chapter.27}{\376\377\000M\000e\000t\000h\000o\000d}{}% 16
\BOOKMARK [1][-]{section.30}{\376\377\000T\000r\000a\000i\000n\000i\000n\000g\000\040\000P\000e\000r\000f\000o\000r\000m\000a\000n\000c\000e\000\040\000\050\000h\000u\000m\000a\000n\000\040\000p\000a\000r\000t\000s\000\051}{chapter.27}% 17
\BOOKMARK [1][-]{section.33}{\376\377\000I\000n\000f\000e\000r\000e\000n\000c\000e\000\040\000R\000u\000n\000t\000i\000m\000e\000\040\000A\000n\000a\000l\000y\000s\000i\000s}{chapter.27}% 18
\BOOKMARK [1][-]{section.34}{\376\377\000I\000m\000p\000l\000e\000m\000e\000n\000t\000a\000t\000i\000o\000n\000\040\000D\000e\000t\000a\000i\000l\000s}{chapter.27}% 19
\BOOKMARK [0][-]{chapter.35}{\376\377\000E\000x\000p\000e\000r\000i\000m\000e\000n\000t\000s}{}% 20
\BOOKMARK [1][-]{section.36}{\376\377\000A\000b\000l\000a\000t\000i\000o\000n\000\040\000S\000t\000u\000d\000y}{chapter.35}% 21
\BOOKMARK [2][-]{subsection.47}{\376\377\000B\000o\000d\000y\000\040\000P\000a\000r\000t\000s\000\040\000D\000e\000t\000e\000c\000t\000i\000o\000n\000\040\000M\000o\000d\000u\000l\000e\000\040}{section.36}% 22
\BOOKMARK [2][-]{subsection.55}{\376\377\000J\000o\000i\000n\000t\000\040\000D\000e\000t\000e\000c\000t\000i\000o\000n\000\040\000M\000o\000d\000u\000l\000e\000\040}{section.36}% 23
\BOOKMARK [1][-]{section.64}{\376\377\000C\000o\000m\000p\000a\000r\000i\000s\000o\000n\000\040\000o\000f\000\040\000O\000p\000t\000i\000m\000i\000z\000e\000r\000\040\000A\000l\000g\000o\000r\000i\000t\000h\000m\000s}{chapter.35}% 24
\BOOKMARK [1][-]{section.94}{\376\377\000P\000e\000r\000f\000o\000r\000m\000a\000n\000c\000e\000\040\000o\000f\000\040\000l\000o\000s\000s\000\040\000f\000u\000n\000c\000t\000i\000o\000n\000s}{chapter.35}% 25
\BOOKMARK [2][-]{subsection.95}{\376\377\000C\000o\000m\000m\000o\000n\000l\000y\000\040\000u\000s\000e\000d\000\040\000l\000o\000s\000s\000\040\000f\000u\000n\000c\000t\000i\000o\000n\000s}{section.94}% 26
\BOOKMARK [2][-]{subsection.100}{\376\377\000O\000u\000r\000\040\000c\000u\000s\000t\000o\000m\000\040\000l\000o\000s\000s\000\040\000f\000u\000n\000c\000t\000i\000o\000n\000\040\000C\000I\000L\000o\000s\000s}{section.94}% 27
\BOOKMARK [0][-]{chapter.102}{\376\377\000C\000o\000n\000c\000l\000u\000s\000i\000o\000n\000\040\000a\000n\000d\000\040\000f\000u\000t\000u\000r\000e\000\040\000t\000h\000o\000u\000g\000h\000t\000s}{}% 28
\BOOKMARK [0][-]{appendix*.103}{\376\377\000B\000i\000b\000l\000i\000o\000g\000r\000a\000p\000h\000y}{}% 29
